i:\xuke\iwb_5.5.1.x_for_windows_多屏修改\iwb_tuio\debug\libtuio\libtuio.pdb
i:\xuke\iwb_5.5.1.x_for_windows_多屏修改\iwb_tuio\debug\libtuio\libtuio.idb
i:\xuke\iwb_5.5.1.x_for_windows_多屏修改\iwb_tuio\debug\libtuio\oscreceivedelements.obj
i:\xuke\iwb_5.5.1.x_for_windows_多屏修改\iwb_tuio\debug\libtuio\osctypes.obj
i:\xuke\iwb_5.5.1.x_for_windows_多屏修改\iwb_tuio\debug\libtuio\udpsocket.obj
i:\xuke\iwb_5.5.1.x_for_windows_多屏修改\iwb_tuio\debug\libtuio\flashsender.obj
i:\xuke\iwb_5.5.1.x_for_windows_多屏修改\iwb_tuio\debug\libtuio\oscreceiver.obj
i:\xuke\iwb_5.5.1.x_for_windows_多屏修改\iwb_tuio\debug\libtuio\oscsender.obj
i:\xuke\iwb_5.5.1.x_for_windows_多屏修改\iwb_tuio\debug\libtuio\tcpreceiver.obj
i:\xuke\iwb_5.5.1.x_for_windows_多屏修改\iwb_tuio\debug\libtuio\tcpsender.obj
i:\xuke\iwb_5.5.1.x_for_windows_多屏修改\iwb_tuio\debug\libtuio\tuioblob.obj
i:\xuke\iwb_5.5.1.x_for_windows_多屏修改\iwb_tuio\debug\libtuio\tuioclient.obj
i:\xuke\iwb_5.5.1.x_for_windows_多屏修改\iwb_tuio\debug\libtuio\tuiocontainer.obj
i:\xuke\iwb_5.5.1.x_for_windows_多屏修改\iwb_tuio\debug\libtuio\tuiocursor.obj
i:\xuke\iwb_5.5.1.x_for_windows_多屏修改\iwb_tuio\debug\libtuio\tuiodispatcher.obj
i:\xuke\iwb_5.5.1.x_for_windows_多屏修改\iwb_tuio\debug\libtuio\tuiomanager.obj
i:\xuke\iwb_5.5.1.x_for_windows_多屏修改\iwb_tuio\debug\libtuio\tuioobject.obj
i:\xuke\iwb_5.5.1.x_for_windows_多屏修改\iwb_tuio\debug\libtuio\tuiopoint.obj
i:\xuke\iwb_5.5.1.x_for_windows_多屏修改\iwb_tuio\debug\libtuio\tuioserver.obj
i:\xuke\iwb_5.5.1.x_for_windows_多屏修改\iwb_tuio\debug\libtuio\tuiotime.obj
i:\xuke\iwb_5.5.1.x_for_windows_多屏修改\iwb_tuio\debug\libtuio\udpreceiver.obj
i:\xuke\iwb_5.5.1.x_for_windows_多屏修改\iwb_tuio\debug\libtuio\udpsender.obj
i:\xuke\iwb_5.5.1.x_for_windows_多屏修改\iwb_tuio\debug\libtuio\networkingutils.obj
i:\xuke\iwb_5.5.1.x_for_windows_多屏修改\iwb_tuio\debug\libtuio\oscoutboundpacketstream.obj
i:\xuke\iwb_5.5.1.x_for_windows_多屏修改\iwb_tuio\debug\libtuio\oscprintreceivedelements.obj
i:\xuke\iwb_5.5.1.x_for_windows_多屏修改\iwb_tuio\debug\libtuio.lib
i:\xuke\iwb_5.5.1.x_for_windows_多屏修改\iwb_tuio\debug\libtuio\libtuio.vcxprojresolveassemblyreference.cache
i:\xuke\iwb_5.5.1.x_for_windows_多屏修改\iwb_tuio\debug\libtuio\libtuio.tlog\cl.command.1.tlog
i:\xuke\iwb_5.5.1.x_for_windows_多屏修改\iwb_tuio\debug\libtuio\libtuio.tlog\cl.read.1.tlog
i:\xuke\iwb_5.5.1.x_for_windows_多屏修改\iwb_tuio\debug\libtuio\libtuio.tlog\cl.write.1.tlog
i:\xuke\iwb_5.5.1.x_for_windows_多屏修改\iwb_tuio\debug\libtuio\libtuio.tlog\lib-link.read.1.tlog
i:\xuke\iwb_5.5.1.x_for_windows_多屏修改\iwb_tuio\debug\libtuio\libtuio.tlog\lib-link.write.1.tlog
i:\xuke\iwb_5.5.1.x_for_windows_多屏修改\iwb_tuio\debug\libtuio\libtuio.tlog\lib.command.1.tlog
